<?xml version="1.0" encoding="UTF-8"?>
<!-- Generated by org.testng.reporters.JUnitReportReporter -->
<testsuite hostname="DESKTOP-4SS5V58" failures="0" tests="4" name="com.mystore.testcases.IncorrectLoginTest" time="53.898" errors="0" timestamp="2025-07-10T19:50:49 IST" skipped="0">
  <testcase classname="com.mystore.testcases.IncorrectLoginTest" name="incorrectloginTest" time="15.152"/>
  <testcase classname="com.mystore.testcases.IncorrectLoginTest" name="incorrectloginTest" time="15.295"/>
  <testcase classname="com.mystore.testcases.IncorrectLoginTest" name="incorrectloginTest" time="10.621"/>
  <testcase classname="com.mystore.testcases.IncorrectLoginTest" name="incorrectloginTest" time="12.830"/>
</testsuite> <!-- com.mystore.testcases.IncorrectLoginTest -->
