<?xml version="1.0" encoding="UTF-8"?>
<!-- Generated by org.testng.reporters.JUnitReportReporter -->
<testsuite hostname="DESKTOP-4SS5V58" failures="0" tests="4" name="com.mystore.testcases.IncorrectLoginTest" time="43.002" errors="0" timestamp="2025-06-30T13:10:51 IST" skipped="0">
  <testcase classname="com.mystore.testcases.IncorrectLoginTest" name="incorrectloginTest" time="10.901"/>
  <testcase classname="com.mystore.testcases.IncorrectLoginTest" name="incorrectloginTest" time="10.982"/>
  <testcase classname="com.mystore.testcases.IncorrectLoginTest" name="incorrectloginTest" time="10.049"/>
  <testcase classname="com.mystore.testcases.IncorrectLoginTest" name="incorrectloginTest" time="11.070"/>
</testsuite> <!-- com.mystore.testcases.IncorrectLoginTest -->
