<?xml version="1.0" encoding="UTF-8"?>
<!-- Generated by org.testng.reporters.JUnitReportReporter -->
<testsuite hostname="DESKTOP-4SS5V58" failures="0" tests="1" name="com.mystore.testcases.AddToCartTest" time="21.802" errors="0" timestamp="2025-06-28T16:59:26 IST" skipped="0">
  <testcase classname="com.mystore.testcases.AddToCartTest" name="verifyAddToCart" time="21.802"/>
</testsuite> <!-- com.mystore.testcases.AddToCartTest -->
