<?xml version="1.0" encoding="UTF-8"?>
<!-- Generated by org.testng.reporters.JUnitReportReporter -->
<testsuite hostname="DESKTOP-4SS5V58" failures="0" tests="1" name="com.mystore.testcases.ConfirmOrderTest" time="25.242" errors="0" timestamp="2025-06-28T21:00:31 IST" skipped="0">
  <testcase classname="com.mystore.testcases.ConfirmOrderTest" name="confirmOrder" time="25.242"/>
</testsuite> <!-- com.mystore.testcases.ConfirmOrderTest -->
