<?xml version="1.0" encoding="UTF-8"?>
<!-- Generated by org.testng.reporters.JUnitReportReporter -->
<testsuite hostname="DESKTOP-4SS5V58" failures="0" tests="1" name="com.mystore.testcases.FirstAddressTest" time="19.220" errors="0" timestamp="2025-06-28T17:10:15 IST" skipped="0">
  <testcase classname="com.mystore.testcases.FirstAddressTest" name="loginTest" time="19.220"/>
</testsuite> <!-- com.mystore.testcases.FirstAddressTest -->
