<?xml version="1.0" encoding="UTF-8"?>
<!-- Generated by org.testng.reporters.JUnitReportReporter -->
<testsuite hostname="DESKTOP-4SS5V58" failures="0" tests="3" name="com.mystore.testcases.AccountCreationTest" time="63.971" errors="0" timestamp="2025-07-10T19:50:49 IST" skipped="0">
  <testcase classname="com.mystore.testcases.AccountCreationTest" name="accountCreation" time="21.431"/>
  <testcase classname="com.mystore.testcases.AccountCreationTest" name="accountCreation" time="20.948"/>
  <testcase classname="com.mystore.testcases.AccountCreationTest" name="accountCreation" time="21.592"/>
</testsuite> <!-- com.mystore.testcases.AccountCreationTest -->
