<?xml version="1.0" encoding="UTF-8"?>
<!-- Generated by org.testng.reporters.JUnitReportReporter -->
<testsuite hostname="DESKTOP-4SS5V58" failures="0" tests="1" name="com.mystore.testcases.OrderPageTest" time="26.256" errors="0" timestamp="2025-06-28T17:10:56 IST" skipped="0">
  <testcase classname="com.mystore.testcases.OrderPageTest" name="verifyOrderPage" time="26.256"/>
</testsuite> <!-- com.mystore.testcases.OrderPageTest -->
