<?xml version="1.0" encoding="UTF-8"?>
<!-- Generated by org.testng.reporters.JUnitReportReporter -->
<testsuite hostname="DESKTOP-4SS5V58" failures="0" tests="1" name="com.mystore.testcases.LoginTest" time="27.601" errors="0" timestamp="2025-06-25T17:51:47 IST" skipped="0">
  <testcase classname="com.mystore.testcases.LoginTest" name="loginTest" time="27.601"/>
</testsuite> <!-- com.mystore.testcases.LoginTest -->
