<?xml version="1.0" encoding="UTF-8"?>
<!-- Generated by org.testng.reporters.JUnitReportReporter -->
<testsuite hostname="DESKTOP-4SS5V58" failures="0" tests="2" name="com.mystore.testcases.IndexPageTest" time="15.557" errors="0" timestamp="2025-07-10T20:00:34 IST" skipped="0">
  <testcase classname="com.mystore.testcases.IndexPageTest" name="verifyTitle" time="7.975"/>
  <testcase classname="com.mystore.testcases.IndexPageTest" name="verifyLogo" time="7.582"/>
</testsuite> <!-- com.mystore.testcases.IndexPageTest -->
