<?xml version="1.0" encoding="UTF-8"?>
<!-- Generated by org.testng.reporters.JUnitReportReporter -->
<testsuite hostname="DESKTOP-4SS5V58" failures="0" tests="1" name="com.mystore.testcases.SearchPageTest" time="16.491" errors="0" timestamp="2025-06-28T13:48:40 IST" skipped="0">
  <testcase classname="com.mystore.testcases.SearchPageTest" name="searchProducts" time="16.491"/>
</testsuite> <!-- com.mystore.testcases.SearchPageTest -->
