<?xml version="1.0" encoding="UTF-8"?>
<!-- Generated by org.testng.reporters.JUnitReportReporter -->
<testsuite hostname="DESKTOP-4SS5V58" failures="0" tests="2" name="com.mystore.testcases.IndexPageTest" time="29.176" errors="0" timestamp="2025-06-25T17:52:39 IST" skipped="0">
  <testcase classname="com.mystore.testcases.IndexPageTest" name="verifyTitle" time="10.567"/>
  <testcase classname="com.mystore.testcases.IndexPageTest" name="verifyLogo" time="18.609"/>
</testsuite> <!-- com.mystore.testcases.IndexPageTest -->
