<?xml version="1.0" encoding="UTF-8"?>
<!-- Generated by org.testng.reporters.JUnitReportReporter -->
<testsuite hostname="DESKTOP-4SS5V58" failures="0" tests="3" name="com.mystore.testcases.AccountCreationTest" time="50.986" errors="0" timestamp="2025-07-07T14:35:14 IST" skipped="0">
  <testcase classname="com.mystore.testcases.AccountCreationTest" name="accountCreation" time="17.899"/>
  <testcase classname="com.mystore.testcases.AccountCreationTest" name="accountCreation" time="16.135"/>
  <testcase classname="com.mystore.testcases.AccountCreationTest" name="accountCreation" time="16.952"/>
</testsuite> <!-- com.mystore.testcases.AccountCreationTest -->
