<?xml version="1.0" encoding="UTF-8"?>
<!-- Generated by org.testng.reporters.JUnitReportReporter -->
<testsuite hostname="DESKTOP-4SS5V58" failures="0" tests="1" name="com.mystore.testcases.LoginTest" time="12.471" errors="0" timestamp="2025-06-30T13:08:24 IST" skipped="0">
  <testcase classname="com.mystore.testcases.LoginTest" name="loginTest" time="12.471"/>
</testsuite> <!-- com.mystore.testcases.LoginTest -->
