<?xml version="1.0" encoding="UTF-8"?>
<!-- Generated by org.testng.reporters.JUnitReportReporter -->
<testsuite hostname="DESKTOP-4SS5V58" failures="0" tests="1" name="com.mystore.testcases.PaymentTest" time="32.416" errors="0" timestamp="2025-06-28T21:36:03 IST" skipped="0">
  <testcase classname="com.mystore.testcases.PaymentTest" name="paymentTest" time="32.416"/>
</testsuite> <!-- com.mystore.testcases.PaymentTest -->
