<?xml version="1.0" encoding="UTF-8"?>
<!-- Generated by org.testng.reporters.JUnitReportReporter -->
<testsuite hostname="DESKTOP-4SS5V58" failures="0" tests="1" name="com.mystore.testcases.OrderPageTest" time="23.366" errors="0" timestamp="2025-06-30T13:06:21 IST" skipped="0">
  <testcase classname="com.mystore.testcases.OrderPageTest" name="verifyOrderPage" time="23.366"/>
</testsuite> <!-- com.mystore.testcases.OrderPageTest -->
