<?xml version="1.0" encoding="UTF-8"?>
<!-- Generated by org.testng.reporters.JUnitReportReporter -->
<testsuite hostname="DESKTOP-4SS5V58" failures="0" tests="1" name="com.mystore.testcases.PaymentTest" time="35.782" errors="0" timestamp="2025-06-30T13:01:54 IST" skipped="0">
  <testcase classname="com.mystore.testcases.PaymentTest" name="paymentTest" time="35.782"/>
</testsuite> <!-- com.mystore.testcases.PaymentTest -->
