<?xml version="1.0" encoding="UTF-8"?>
<!-- Generated by org.testng.reporters.JUnitReportReporter -->
<testsuite hostname="DESKTOP-4SS5V58" failures="0" tests="1" name="com.mystore.testcases.AddressPageTest" time="26.624" errors="0" timestamp="2025-06-28T17:54:12 IST" skipped="0">
  <testcase classname="com.mystore.testcases.AddressPageTest" name="verifyAddressPage" time="26.624"/>
</testsuite> <!-- com.mystore.testcases.AddressPageTest -->
