<?xml version="1.0" encoding="UTF-8"?>
<!-- Generated by org.testng.reporters.JUnitReportReporter -->
<testsuite hostname="DESKTOP-4SS5V58" failures="0" tests="1" name="com.mystore.testcases.AddToCartTest" time="20.772" errors="0" timestamp="2025-06-30T13:21:45 IST" skipped="0">
  <testcase classname="com.mystore.testcases.AddToCartTest" name="verifyAddToCart" time="20.772"/>
</testsuite> <!-- com.mystore.testcases.AddToCartTest -->
