<?xml version="1.0" encoding="UTF-8"?>
<!-- Generated by org.testng.reporters.JUnitReportReporter -->
<testsuite hostname="DESKTOP-4SS5V58" failures="0" tests="1" name="com.mystore.testcases.ConfirmOrderTest" time="27.092" errors="0" timestamp="2025-06-30T13:19:34 IST" skipped="0">
  <testcase classname="com.mystore.testcases.ConfirmOrderTest" name="confirmOrder" time="27.092"/>
</testsuite> <!-- com.mystore.testcases.ConfirmOrderTest -->
