<?xml version="1.0" encoding="UTF-8"?>
<!-- Generated by org.testng.reporters.JUnitReportReporter -->
<testsuite hostname="DESKTOP-4SS5V58" failures="0" tests="1" name="com.mystore.testcases.AccountCreationTest" time="23.402" errors="0" timestamp="2025-06-26T17:41:04 IST" skipped="0">
  <testcase classname="com.mystore.testcases.AccountCreationTest" name="accountCreation" time="23.402"/>
</testsuite> <!-- com.mystore.testcases.AccountCreationTest -->
