<?xml version="1.0" encoding="UTF-8"?>
<!-- Generated by org.testng.reporters.JUnitReportReporter -->
<testsuite hostname="DESKTOP-4SS5V58" failures="0" tests="1" name="com.mystore.testcases.HomePageTest" time="23.627" errors="0" timestamp="2025-06-25T20:17:44 IST" skipped="0">
  <testcase classname="com.mystore.testcases.HomePageTest" name="myPersonalInfoPageTest" time="23.627"/>
</testsuite> <!-- com.mystore.testcases.HomePageTest -->
